<?xml version="1.0" encoding="UTF-8"?>
<!-- Generated by org.testng.reporters.JUnitXMLReporter -->
<testsuite ignored="0" hostname="INRONNDURTHU01" failures="0" tests="3" name="StandAloneTest" time="0.215" errors="0" timestamp="2025-06-17T19:26:00 IST">
  <testcase classname="DnssSelenium.tests.standAloneTest" name="submitOrder" time="0.0">
    <skipped/>
  </testcase> <!-- submitOrder -->
  <testcase classname="DnssSelenium.tests.standAloneTest" name="submitOrder" time="0.0">
    <skipped/>
  </testcase> <!-- submitOrder -->
  <testcase classname="DnssSelenium.tests.standAloneTest" name="OrderHistoryTest" time="0.001">
    <skipped/>
  </testcase> <!-- OrderHistoryTest -->
</testsuite> <!-- StandAloneTest -->
